2023-03-20 14:39:15 INFO  Starting PolizasApplication using Java 17.0.6 on DESKTOP-B0449JU with PID 3944 (E:\Projects\polizas\target\classes started by Angel Mendoza in E:\Projects\polizas)
2023-03-20 14:39:15 INFO  No active profile set, falling back to 1 default profile: "default"
2023-03-20 14:39:16 INFO  Bootstrapping Spring Data JPA repositories in DEFAULT mode.
2023-03-20 14:39:16 INFO  Finished Spring Data repository scanning in 57 ms. Found 3 JPA repository interfaces.
2023-03-20 14:39:17 INFO  Tomcat initialized with port(s): 8080 (http)
2023-03-20 14:39:17 INFO  Initializing ProtocolHandler ["http-nio-8080"]
2023-03-20 14:39:17 INFO  Starting service [Tomcat]
2023-03-20 14:39:17 INFO  Starting Servlet engine: [Apache Tomcat/9.0.71]
2023-03-20 14:39:17 INFO  Initializing Spring embedded WebApplicationContext
2023-03-20 14:39:17 INFO  Root WebApplicationContext: initialization completed in 1666 ms
2023-03-20 14:39:17 INFO  HHH000204: Processing PersistenceUnitInfo [name: default]
2023-03-20 14:39:17 INFO  HHH000412: Hibernate ORM core version 5.6.15.Final
2023-03-20 14:39:18 INFO  HCANN000001: Hibernate Commons Annotations {5.1.2.Final}
2023-03-20 14:39:18 INFO  HikariPool-1 - Starting...
2023-03-20 14:39:18 INFO  HikariPool-1 - Start completed.
2023-03-20 14:39:18 INFO  HHH000400: Using dialect: org.hibernate.dialect.PostgresPlusDialect
2023-03-20 14:39:18 INFO  HHH000490: Using JtaPlatform implementation: [org.hibernate.engine.transaction.jta.platform.internal.NoJtaPlatform]
2023-03-20 14:39:18 INFO  Initialized JPA EntityManagerFactory for persistence unit 'default'
2023-03-20 14:39:19 WARN  spring.jpa.open-in-view is enabled by default. Therefore, database queries may be performed during view rendering. Explicitly configure spring.jpa.open-in-view to disable this warning
2023-03-20 14:39:19 INFO  Mapped URL path [/v2/api-docs] onto method [springfox.documentation.swagger2.web.Swagger2Controller#getDocumentation(String, HttpServletRequest)]
2023-03-20 14:39:19 INFO  Starting ProtocolHandler ["http-nio-8080"]
2023-03-20 14:39:19 INFO  Tomcat started on port(s): 8080 (http) with context path ''
2023-03-20 14:39:19 INFO  Context refreshed
2023-03-20 14:39:19 INFO  Found 1 custom documentation plugin(s)
2023-03-20 14:39:19 INFO  Scanning for api listing references
2023-03-20 14:39:20 INFO  Generating unique operation named: deleteUsingDELETE_1
2023-03-20 14:39:20 INFO  Generating unique operation named: findUsingGET_1
2023-03-20 14:39:20 INFO  Generating unique operation named: saveUsingPOST_1
2023-03-20 14:39:20 INFO  Generating unique operation named: updateUsingPUT_1
2023-03-20 14:39:20 INFO  Generating unique operation named: deleteUsingDELETE_2
2023-03-20 14:39:20 INFO  Generating unique operation named: findUsingGET_2
2023-03-20 14:39:20 INFO  Generating unique operation named: findAllUsingGET_1
2023-03-20 14:39:20 INFO  Generating unique operation named: saveUsingPOST_2
2023-03-20 14:39:20 INFO  Generating unique operation named: updateUsingPUT_2
2023-03-20 14:39:20 INFO  Started PolizasApplication in 4.486 seconds (JVM running for 5.074)
2023-03-20 14:45:22 INFO  Closing JPA EntityManagerFactory for persistence unit 'default'
2023-03-20 14:45:22 INFO  HikariPool-1 - Shutdown initiated...
2023-03-20 14:45:22 INFO  HikariPool-1 - Shutdown completed.
